Base path: C:/Program Files (x86)/Unity/Editor/Data
Pipe name: \\.\pipe\UnityShaderCompiler-2-13340
Cmd: getPlatforms
Cmd: compileSnippet
  api=9 type=0 insize=1191 outsize=1255 kw= ok=1
Cmd: compileSnippet
  api=5 type=1 insize=1138 outsize=6 kw= ok=1
Cmd: compileSnippet
  api=9 type=0 insize=1975 outsize=3301 kw= ok=1
Cmd: compileSnippet
  api=5 type=1 insize=3765 outsize=6 kw= ok=1
Cmd: compileSnippet
  api=9 type=0 insize=3778 outsize=1536 kw= ok=1
Cmd: compileSnippet
  api=9 type=0 insize=3769 outsize=1891 kw= ok=1
Cmd: compileSnippet
  api=5 type=0 insize=884 outsize=960 kw= ok=1
Cmd: compileSnippet
  api=9 type=1 insize=884 outsize=7 kw= ok=1
Cmd: compileSnippet
  api=9 type=0 insize=1354 outsize=1667 kw= ok=1
Cmd: compileSnippet
  api=5 type=1 insize=1354 outsize=6 kw= ok=1
Unhandled exception: Readfile from pipe failed. GLE=The pipe has been ended.


Quitting shader compiler process
