Base path: C:/Program Files (x86)/Unity/Editor/Data
Pipe name: \\.\pipe\UnityShaderCompiler-3-11384
Cmd: getPlatforms
Cmd: compileSnippet
  api=5 type=1 insize=1191 outsize=6 kw= ok=1
Cmd: compileSnippet
  api=9 type=1 insize=1138 outsize=7 kw= ok=1
Cmd: compileSnippet
  api=5 type=1 insize=1975 outsize=6 kw= ok=1
Cmd: compileSnippet
  api=9 type=1 insize=3765 outsize=7 kw= ok=1
Cmd: compileSnippet
  api=5 type=1 insize=3778 outsize=6 kw= ok=1
Cmd: compileSnippet
  api=5 type=1 insize=3769 outsize=6 kw= ok=1
Cmd: compileSnippet
  api=5 type=1 insize=884 outsize=6 kw= ok=1
Cmd: compileSnippet
  api=5 type=0 insize=1354 outsize=1678 kw= ok=1
Unhandled exception: Readfile from pipe failed. GLE=The pipe has been ended.


Quitting shader compiler process
